2018-01-02 16:20:00,095 [main] INFO  org.mule.module.launcher.application.DefaultMuleApplication - 
++++++++++++++++++++++++++++++++++++++++++++++++++++++++++++
+ Initializing app 'apdev-flights-ws'                      +
++++++++++++++++++++++++++++++++++++++++++++++++++++++++++++
2018-01-02 16:20:00,428 [main] INFO  org.mule.lifecycle.AbstractLifecycleManager - Initialising RegistryBroker
2018-01-02 16:20:00,629 [main] INFO  org.mule.module.extension.internal.manager.DefaultExtensionManager - Starting discovery of extensions
2018-01-02 16:20:00,843 [main] INFO  org.mule.module.extension.internal.manager.DefaultExtensionManager - Discovered 1 extensions
2018-01-02 16:20:00,845 [main] INFO  org.mule.module.extension.internal.manager.DefaultExtensionManager - Registering extension validation (version 3.8)
2018-01-02 16:20:01,024 [main] INFO  org.mule.config.spring.MuleArtifactContext - Refreshing org.mule.config.spring.MuleArtifactContext@3d6300e8: startup date [Tue Jan 02 16:20:01 IST 2018]; root of context hierarchy
2018-01-02 16:20:03,675 [main] INFO  org.mule.config.spring.processors.NoDevkitInjectorProcessor - JSR-330 'javax.inject.Inject' annotation found and supported for autowiring
2018-01-02 16:20:05,521 [main] WARN  org.mule.module.ognl.expression.OgnlExpressionEvaluator - OGNL module is deprecated and will be removed in Mule 4.0. Use MEL expressions instead.
2018-01-02 16:20:06,621 [main] INFO  org.mule.util.journal.TransactionJournal - Using files for tx logs C:\Users\M1043093\AnypointStudio\workspace\.mule\.\.mule\apdev-flights-ws\queue-tx-log\tx1.log and C:\Users\M1043093\AnypointStudio\workspace\.mule\.\.mule\apdev-flights-ws\queue-tx-log\tx2.log
2018-01-02 16:20:06,658 [main] INFO  org.mule.util.journal.TransactionJournal - Using files for tx logs C:\Users\M1043093\AnypointStudio\workspace\.mule\.\.mule\apdev-flights-ws\queue-xa-tx-log\tx1.log and C:\Users\M1043093\AnypointStudio\workspace\.mule\.\.mule\apdev-flights-ws\queue-xa-tx-log\tx2.log
2018-01-02 16:20:06,816 [main] INFO  org.mule.lifecycle.AbstractLifecycleManager - Initialising model: _muleSystemModel
2018-01-02 16:20:06,822 [main] INFO  org.mule.construct.FlowConstructLifecycleManager - Initialising flow: raml1-main
2018-01-02 16:20:06,824 [main] INFO  org.mule.module.apikit.MappingExceptionListener - Initialising exception listener: MappingExceptionListener{statusCode=404, exceptions=[org.mule.module.apikit.exception.NotFoundException]}
2018-01-02 16:20:06,834 [main] INFO  org.mule.module.apikit.MappingExceptionListener - Initialising exception listener: MappingExceptionListener{statusCode=405, exceptions=[org.mule.module.apikit.exception.MethodNotAllowedException]}
2018-01-02 16:20:06,835 [main] INFO  org.mule.module.apikit.MappingExceptionListener - Initialising exception listener: MappingExceptionListener{statusCode=415, exceptions=[org.mule.module.apikit.exception.UnsupportedMediaTypeException]}
2018-01-02 16:20:06,835 [main] INFO  org.mule.module.apikit.MappingExceptionListener - Initialising exception listener: MappingExceptionListener{statusCode=406, exceptions=[org.mule.module.apikit.exception.NotAcceptableException]}
2018-01-02 16:20:06,836 [main] INFO  org.mule.module.apikit.MappingExceptionListener - Initialising exception listener: MappingExceptionListener{statusCode=400, exceptions=[org.mule.module.apikit.exception.BadRequestException]}
2018-01-02 16:20:06,878 [main] INFO  org.mule.processor.SedaStageLifecycleManager - Initialising service: raml1-main.stage1
2018-01-02 16:20:06,896 [main] INFO  org.mule.construct.FlowConstructLifecycleManager - Initialising flow: raml1-console
2018-01-02 16:20:06,896 [main] INFO  org.mule.exception.DefaultMessagingExceptionStrategy - Initialising exception listener: org.mule.exception.DefaultMessagingExceptionStrategy@59c04bee
2018-01-02 16:20:06,903 [main] INFO  org.mule.processor.SedaStageLifecycleManager - Initialising service: raml1-console.stage1
2018-01-02 16:20:06,908 [main] INFO  org.mule.construct.FlowConstructLifecycleManager - Initialising flow: get:/book:raml1-config
2018-01-02 16:20:06,908 [main] INFO  org.mule.exception.DefaultMessagingExceptionStrategy - Initialising exception listener: org.mule.exception.DefaultMessagingExceptionStrategy@72a2312e
2018-01-02 16:20:06,915 [main] INFO  org.mule.processor.SedaStageLifecycleManager - Initialising service: get:/book:raml1-config.stage1
2018-01-02 16:20:07,595 [main] INFO  org.mule.module.apikit.Configuration - Building resource URI cache...
2018-01-02 16:20:08,036 [main] INFO  org.mule.config.spring.SpringXmlConfigurationBuilder - Configured Mule using "org.mule.config.spring.SpringXmlConfigurationBuilder" with configuration resource(s): "[ConfigResource{resourceName='C:\Users\M1043093\AnypointStudio\workspace\.mule\apps\apdev-flights-ws\raml1.xml'}]"
2018-01-02 16:20:08,036 [main] INFO  org.mule.config.builders.AutoConfigurationBuilder - Configured Mule using "org.mule.config.builders.AutoConfigurationBuilder" with configuration resource(s): "[ConfigResource{resourceName='C:\Users\M1043093\AnypointStudio\workspace\.mule\apps\apdev-flights-ws\raml1.xml'}]"
2018-01-02 16:20:11,105 [main] INFO  org.mule.module.launcher.application.DefaultMuleApplication - 
++++++++++++++++++++++++++++++++++++++++++++++++++++++++++++
+ Starting app 'apdev-flights-ws'                          +
++++++++++++++++++++++++++++++++++++++++++++++++++++++++++++
2018-01-02 16:20:11,122 [main] INFO  org.mule.util.queue.QueueXaResourceManager - Starting ResourceManager
2018-01-02 16:20:11,122 [main] INFO  org.mule.util.queue.QueueXaResourceManager - Started ResourceManager
2018-01-02 16:20:11,289 [main] INFO  org.mule.module.http.internal.listener.DefaultHttpListenerConfig - Listening for requests on http://0.0.0.0:8081
2018-01-02 16:20:11,296 [main] INFO  org.mule.modules.oauth2.provider.agents.DefaultSplashScreenAgent - 
++++++++++++++++++++++++++++++++++++++++++++++++++++++++++++++++++++++++++++++++
+ DevKit Extensions (0) used in this application 
                             +
++++++++++++++++++++++++++++++++++++++++++++++++++++++++++++++++++++++++++++++++
2018-01-02 16:20:11,298 [main] INFO  org.mule.lifecycle.AbstractLifecycleManager - Starting model: _muleSystemModel
2018-01-02 16:20:11,300 [main] INFO  org.mule.construct.FlowConstructLifecycleManager - Starting flow: raml1-main
2018-01-02 16:20:11,302 [main] INFO  org.mule.processor.SedaStageLifecycleManager - Starting service: raml1-main.stage1
2018-01-02 16:20:11,327 [main] INFO  org.mule.module.apikit.Configuration - 
********************************************************************************
* APIKit Console URL: http://127.0.0.1:8081/console                            *
********************************************************************************
2018-01-02 16:20:11,329 [main] INFO  org.mule.construct.FlowConstructLifecycleManager - Starting flow: raml1-console
2018-01-02 16:20:11,331 [main] INFO  org.mule.processor.SedaStageLifecycleManager - Starting service: raml1-console.stage1
2018-01-02 16:20:11,339 [main] INFO  org.mule.construct.FlowConstructLifecycleManager - Starting flow: get:/book:raml1-config
2018-01-02 16:20:11,341 [main] INFO  org.mule.processor.SedaStageLifecycleManager - Starting service: get:/book:raml1-config.stage1
2018-01-02 16:20:11,433 [main] INFO  org.mule.module.management.agent.WrapperManagerAgent - This JVM hasn't been launched by the wrapper, the agent will not run.
2018-01-02 16:20:11,466 [main] INFO  org.mule.DefaultMuleContext - 
**********************************************************************
* Application: apdev-flights-ws                                      *
* OS encoding: \, Mule encoding: UTF-8                               *
*                                                                    *
* Agents Running:                                                    *
*   JMX Agent                                                        *
*   DevKit Extension Information                                     *
*   Batch module default engine                                      *
*   Wrapper Manager                                                  *
**********************************************************************
2018-01-02 16:34:36,053 [main] INFO  org.mule.module.launcher.application.DefaultMuleApplication - 
++++++++++++++++++++++++++++++++++++++++++++++++++++++++++++
+ Initializing app 'apdev-flights-ws'                      +
++++++++++++++++++++++++++++++++++++++++++++++++++++++++++++
2018-01-02 16:34:36,504 [main] INFO  org.mule.lifecycle.AbstractLifecycleManager - Initialising RegistryBroker
2018-01-02 16:34:36,747 [main] INFO  org.mule.module.extension.internal.manager.DefaultExtensionManager - Starting discovery of extensions
2018-01-02 16:34:37,007 [main] INFO  org.mule.module.extension.internal.manager.DefaultExtensionManager - Discovered 1 extensions
2018-01-02 16:34:37,009 [main] INFO  org.mule.module.extension.internal.manager.DefaultExtensionManager - Registering extension validation (version 3.8)
2018-01-02 16:34:37,171 [main] INFO  org.mule.config.spring.MuleArtifactContext - Refreshing org.mule.config.spring.MuleArtifactContext@3d6300e8: startup date [Tue Jan 02 16:34:37 IST 2018]; root of context hierarchy
2018-01-02 16:34:39,503 [main] INFO  org.mule.config.spring.processors.NoDevkitInjectorProcessor - JSR-330 'javax.inject.Inject' annotation found and supported for autowiring
2018-01-02 16:34:41,063 [main] WARN  org.mule.module.ognl.expression.OgnlExpressionEvaluator - OGNL module is deprecated and will be removed in Mule 4.0. Use MEL expressions instead.
2018-01-02 16:34:42,066 [main] INFO  org.mule.util.journal.TransactionJournal - Using files for tx logs C:\Users\M1043093\AnypointStudio\workspace\.mule\.\.mule\apdev-flights-ws\queue-tx-log\tx1.log and C:\Users\M1043093\AnypointStudio\workspace\.mule\.\.mule\apdev-flights-ws\queue-tx-log\tx2.log
2018-01-02 16:34:42,099 [main] INFO  org.mule.util.journal.TransactionJournal - Using files for tx logs C:\Users\M1043093\AnypointStudio\workspace\.mule\.\.mule\apdev-flights-ws\queue-xa-tx-log\tx1.log and C:\Users\M1043093\AnypointStudio\workspace\.mule\.\.mule\apdev-flights-ws\queue-xa-tx-log\tx2.log
2018-01-02 16:34:42,251 [main] INFO  org.mule.lifecycle.AbstractLifecycleManager - Initialising model: _muleSystemModel
2018-01-02 16:34:42,258 [main] INFO  org.mule.construct.FlowConstructLifecycleManager - Initialising flow: raml1-main
2018-01-02 16:34:42,260 [main] INFO  org.mule.module.apikit.MappingExceptionListener - Initialising exception listener: MappingExceptionListener{statusCode=404, exceptions=[org.mule.module.apikit.exception.NotFoundException]}
2018-01-02 16:34:42,270 [main] INFO  org.mule.module.apikit.MappingExceptionListener - Initialising exception listener: MappingExceptionListener{statusCode=405, exceptions=[org.mule.module.apikit.exception.MethodNotAllowedException]}
2018-01-02 16:34:42,270 [main] INFO  org.mule.module.apikit.MappingExceptionListener - Initialising exception listener: MappingExceptionListener{statusCode=415, exceptions=[org.mule.module.apikit.exception.UnsupportedMediaTypeException]}
2018-01-02 16:34:42,270 [main] INFO  org.mule.module.apikit.MappingExceptionListener - Initialising exception listener: MappingExceptionListener{statusCode=406, exceptions=[org.mule.module.apikit.exception.NotAcceptableException]}
2018-01-02 16:34:42,271 [main] INFO  org.mule.module.apikit.MappingExceptionListener - Initialising exception listener: MappingExceptionListener{statusCode=400, exceptions=[org.mule.module.apikit.exception.BadRequestException]}
2018-01-02 16:34:42,314 [main] INFO  org.mule.processor.SedaStageLifecycleManager - Initialising service: raml1-main.stage1
2018-01-02 16:34:42,332 [main] INFO  org.mule.construct.FlowConstructLifecycleManager - Initialising flow: raml1-console
2018-01-02 16:34:42,332 [main] INFO  org.mule.exception.DefaultMessagingExceptionStrategy - Initialising exception listener: org.mule.exception.DefaultMessagingExceptionStrategy@22bdb1d0
2018-01-02 16:34:42,339 [main] INFO  org.mule.processor.SedaStageLifecycleManager - Initialising service: raml1-console.stage1
2018-01-02 16:34:42,343 [main] INFO  org.mule.construct.FlowConstructLifecycleManager - Initialising flow: get:/book:raml1-config
2018-01-02 16:34:42,343 [main] INFO  org.mule.exception.DefaultMessagingExceptionStrategy - Initialising exception listener: org.mule.exception.DefaultMessagingExceptionStrategy@2d119405
2018-01-02 16:34:42,352 [main] INFO  org.mule.processor.SedaStageLifecycleManager - Initialising service: get:/book:raml1-config.stage1
2018-01-02 16:34:43,021 [main] WARN  org.mule.module.apikit.Configuration - Flow named "get:/book" does not match any RAML descriptor resource
2018-01-02 16:34:43,030 [main] WARN  org.mule.module.apikit.Configuration - Action-Resource pair has no implementation -> get:/flights 
2018-01-02 16:34:43,056 [main] WARN  org.mule.module.apikit.Configuration - Action-Resource-ContentType triplet has no implementation -> post:/flights:application/json 
2018-01-02 16:34:43,058 [main] WARN  org.mule.module.apikit.Configuration - Action-Resource pair has no implementation -> get:/{ID} 
2018-01-02 16:34:43,082 [main] INFO  org.mule.module.apikit.Configuration - Building resource URI cache...
2018-01-02 16:34:43,535 [main] INFO  org.mule.config.spring.SpringXmlConfigurationBuilder - Configured Mule using "org.mule.config.spring.SpringXmlConfigurationBuilder" with configuration resource(s): "[ConfigResource{resourceName='C:\Users\M1043093\AnypointStudio\workspace\.mule\apps\apdev-flights-ws\raml1.xml'}]"
2018-01-02 16:34:43,535 [main] INFO  org.mule.config.builders.AutoConfigurationBuilder - Configured Mule using "org.mule.config.builders.AutoConfigurationBuilder" with configuration resource(s): "[ConfigResource{resourceName='C:\Users\M1043093\AnypointStudio\workspace\.mule\apps\apdev-flights-ws\raml1.xml'}]"
2018-01-02 16:34:46,601 [main] INFO  org.mule.module.launcher.application.DefaultMuleApplication - 
++++++++++++++++++++++++++++++++++++++++++++++++++++++++++++
+ Starting app 'apdev-flights-ws'                          +
++++++++++++++++++++++++++++++++++++++++++++++++++++++++++++
2018-01-02 16:34:46,610 [main] INFO  org.mule.util.queue.QueueXaResourceManager - Starting ResourceManager
2018-01-02 16:34:46,610 [main] INFO  org.mule.util.queue.QueueXaResourceManager - Started ResourceManager
2018-01-02 16:34:46,745 [main] INFO  org.mule.module.http.internal.listener.DefaultHttpListenerConfig - Listening for requests on http://0.0.0.0:8081
2018-01-02 16:34:46,750 [main] INFO  org.mule.modules.oauth2.provider.agents.DefaultSplashScreenAgent - 
++++++++++++++++++++++++++++++++++++++++++++++++++++++++++++++++++++++++++++++++
+ DevKit Extensions (0) used in this application 
                             +
++++++++++++++++++++++++++++++++++++++++++++++++++++++++++++++++++++++++++++++++
2018-01-02 16:34:46,754 [main] INFO  org.mule.lifecycle.AbstractLifecycleManager - Starting model: _muleSystemModel
2018-01-02 16:34:46,762 [main] INFO  org.mule.construct.FlowConstructLifecycleManager - Starting flow: raml1-main
2018-01-02 16:34:46,763 [main] INFO  org.mule.processor.SedaStageLifecycleManager - Starting service: raml1-main.stage1
2018-01-02 16:34:46,826 [main] INFO  org.mule.module.apikit.Configuration - 
********************************************************************************
* APIKit Console URL: http://127.0.0.1:8081/console                            *
********************************************************************************
2018-01-02 16:34:46,826 [main] INFO  org.mule.construct.FlowConstructLifecycleManager - Starting flow: raml1-console
2018-01-02 16:34:46,826 [main] INFO  org.mule.processor.SedaStageLifecycleManager - Starting service: raml1-console.stage1
2018-01-02 16:34:46,835 [main] INFO  org.mule.construct.FlowConstructLifecycleManager - Starting flow: get:/book:raml1-config
2018-01-02 16:34:46,835 [main] INFO  org.mule.processor.SedaStageLifecycleManager - Starting service: get:/book:raml1-config.stage1
2018-01-02 16:34:46,970 [main] INFO  org.mule.module.management.agent.WrapperManagerAgent - This JVM hasn't been launched by the wrapper, the agent will not run.
2018-01-02 16:34:47,009 [main] INFO  org.mule.DefaultMuleContext - 
**********************************************************************
* Application: apdev-flights-ws                                      *
* OS encoding: \, Mule encoding: UTF-8                               *
*                                                                    *
* Agents Running:                                                    *
*   JMX Agent                                                        *
*   DevKit Extension Information                                     *
*   Batch module default engine                                      *
*   Wrapper Manager                                                  *
**********************************************************************
2018-01-02 16:37:59,531 [main] INFO  org.mule.module.launcher.application.DefaultMuleApplication - 
++++++++++++++++++++++++++++++++++++++++++++++++++++++++++++
+ Initializing app 'apdev-flights-ws'                      +
++++++++++++++++++++++++++++++++++++++++++++++++++++++++++++
2018-01-02 16:37:59,935 [main] INFO  org.mule.lifecycle.AbstractLifecycleManager - Initialising RegistryBroker
2018-01-02 16:38:00,154 [main] INFO  org.mule.module.extension.internal.manager.DefaultExtensionManager - Starting discovery of extensions
2018-01-02 16:38:00,349 [main] INFO  org.mule.module.extension.internal.manager.DefaultExtensionManager - Discovered 1 extensions
2018-01-02 16:38:00,351 [main] INFO  org.mule.module.extension.internal.manager.DefaultExtensionManager - Registering extension validation (version 3.8)
2018-01-02 16:38:00,496 [main] INFO  org.mule.config.spring.MuleArtifactContext - Refreshing org.mule.config.spring.MuleArtifactContext@3d6300e8: startup date [Tue Jan 02 16:38:00 IST 2018]; root of context hierarchy
2018-01-02 16:38:02,903 [main] INFO  org.mule.config.spring.processors.NoDevkitInjectorProcessor - JSR-330 'javax.inject.Inject' annotation found and supported for autowiring
2018-01-02 16:38:04,268 [main] WARN  org.mule.module.ognl.expression.OgnlExpressionEvaluator - OGNL module is deprecated and will be removed in Mule 4.0. Use MEL expressions instead.
2018-01-02 16:38:05,399 [main] INFO  org.mule.util.journal.TransactionJournal - Using files for tx logs C:\Users\M1043093\AnypointStudio\workspace\.mule\.\.mule\apdev-flights-ws\queue-tx-log\tx1.log and C:\Users\M1043093\AnypointStudio\workspace\.mule\.\.mule\apdev-flights-ws\queue-tx-log\tx2.log
2018-01-02 16:38:05,437 [main] INFO  org.mule.util.journal.TransactionJournal - Using files for tx logs C:\Users\M1043093\AnypointStudio\workspace\.mule\.\.mule\apdev-flights-ws\queue-xa-tx-log\tx1.log and C:\Users\M1043093\AnypointStudio\workspace\.mule\.\.mule\apdev-flights-ws\queue-xa-tx-log\tx2.log
2018-01-02 16:38:05,597 [main] INFO  org.mule.lifecycle.AbstractLifecycleManager - Initialising model: _muleSystemModel
2018-01-02 16:38:05,606 [main] INFO  org.mule.construct.FlowConstructLifecycleManager - Initialising flow: raml1-main
2018-01-02 16:38:05,607 [main] INFO  org.mule.module.apikit.MappingExceptionListener - Initialising exception listener: MappingExceptionListener{statusCode=404, exceptions=[org.mule.module.apikit.exception.NotFoundException]}
2018-01-02 16:38:05,614 [main] INFO  org.mule.module.apikit.MappingExceptionListener - Initialising exception listener: MappingExceptionListener{statusCode=405, exceptions=[org.mule.module.apikit.exception.MethodNotAllowedException]}
2018-01-02 16:38:05,614 [main] INFO  org.mule.module.apikit.MappingExceptionListener - Initialising exception listener: MappingExceptionListener{statusCode=415, exceptions=[org.mule.module.apikit.exception.UnsupportedMediaTypeException]}
2018-01-02 16:38:05,615 [main] INFO  org.mule.module.apikit.MappingExceptionListener - Initialising exception listener: MappingExceptionListener{statusCode=406, exceptions=[org.mule.module.apikit.exception.NotAcceptableException]}
2018-01-02 16:38:05,617 [main] INFO  org.mule.module.apikit.MappingExceptionListener - Initialising exception listener: MappingExceptionListener{statusCode=400, exceptions=[org.mule.module.apikit.exception.BadRequestException]}
2018-01-02 16:38:05,663 [main] INFO  org.mule.processor.SedaStageLifecycleManager - Initialising service: raml1-main.stage1
2018-01-02 16:38:05,681 [main] INFO  org.mule.construct.FlowConstructLifecycleManager - Initialising flow: raml1-console
2018-01-02 16:38:05,681 [main] INFO  org.mule.exception.DefaultMessagingExceptionStrategy - Initialising exception listener: org.mule.exception.DefaultMessagingExceptionStrategy@22bdb1d0
2018-01-02 16:38:05,687 [main] INFO  org.mule.processor.SedaStageLifecycleManager - Initialising service: raml1-console.stage1
2018-01-02 16:38:05,694 [main] INFO  org.mule.construct.FlowConstructLifecycleManager - Initialising flow: get:/book:raml1-config
2018-01-02 16:38:05,694 [main] INFO  org.mule.exception.DefaultMessagingExceptionStrategy - Initialising exception listener: org.mule.exception.DefaultMessagingExceptionStrategy@2d119405
2018-01-02 16:38:05,701 [main] INFO  org.mule.processor.SedaStageLifecycleManager - Initialising service: get:/book:raml1-config.stage1
2018-01-02 16:38:06,378 [main] WARN  org.mule.module.apikit.Configuration - Flow named "get:/book" does not match any RAML descriptor resource
2018-01-02 16:38:06,391 [main] WARN  org.mule.module.apikit.Configuration - Action-Resource pair has no implementation -> get:/flights 
2018-01-02 16:38:06,418 [main] WARN  org.mule.module.apikit.Configuration - Action-Resource-ContentType triplet has no implementation -> post:/flights:application/json 
2018-01-02 16:38:06,420 [main] WARN  org.mule.module.apikit.Configuration - Action-Resource pair has no implementation -> get:/{ID} 
2018-01-02 16:38:06,439 [main] INFO  org.mule.module.apikit.Configuration - Building resource URI cache...
2018-01-02 16:38:06,929 [main] INFO  org.mule.config.spring.SpringXmlConfigurationBuilder - Configured Mule using "org.mule.config.spring.SpringXmlConfigurationBuilder" with configuration resource(s): "[ConfigResource{resourceName='C:\Users\M1043093\AnypointStudio\workspace\.mule\apps\apdev-flights-ws\raml1.xml'}]"
2018-01-02 16:38:06,929 [main] INFO  org.mule.config.builders.AutoConfigurationBuilder - Configured Mule using "org.mule.config.builders.AutoConfigurationBuilder" with configuration resource(s): "[ConfigResource{resourceName='C:\Users\M1043093\AnypointStudio\workspace\.mule\apps\apdev-flights-ws\raml1.xml'}]"
2018-01-02 16:38:09,973 [main] INFO  org.mule.module.launcher.application.DefaultMuleApplication - 
++++++++++++++++++++++++++++++++++++++++++++++++++++++++++++
+ Starting app 'apdev-flights-ws'                          +
++++++++++++++++++++++++++++++++++++++++++++++++++++++++++++
2018-01-02 16:38:09,985 [main] INFO  org.mule.util.queue.QueueXaResourceManager - Starting ResourceManager
2018-01-02 16:38:09,985 [main] INFO  org.mule.util.queue.QueueXaResourceManager - Started ResourceManager
2018-01-02 16:38:10,140 [main] INFO  org.mule.module.http.internal.listener.DefaultHttpListenerConfig - Listening for requests on http://0.0.0.0:8081
2018-01-02 16:38:10,148 [main] INFO  org.mule.modules.oauth2.provider.agents.DefaultSplashScreenAgent - 
++++++++++++++++++++++++++++++++++++++++++++++++++++++++++++++++++++++++++++++++
+ DevKit Extensions (0) used in this application 
                             +
++++++++++++++++++++++++++++++++++++++++++++++++++++++++++++++++++++++++++++++++
2018-01-02 16:38:10,149 [main] INFO  org.mule.lifecycle.AbstractLifecycleManager - Starting model: _muleSystemModel
2018-01-02 16:38:10,152 [main] INFO  org.mule.construct.FlowConstructLifecycleManager - Starting flow: raml1-main
2018-01-02 16:38:10,153 [main] INFO  org.mule.processor.SedaStageLifecycleManager - Starting service: raml1-main.stage1
2018-01-02 16:38:10,170 [main] INFO  org.mule.module.apikit.Configuration - 
********************************************************************************
* APIKit Console URL: http://127.0.0.1:8081/console                            *
********************************************************************************
2018-01-02 16:38:10,170 [main] INFO  org.mule.construct.FlowConstructLifecycleManager - Starting flow: raml1-console
2018-01-02 16:38:10,170 [main] INFO  org.mule.processor.SedaStageLifecycleManager - Starting service: raml1-console.stage1
2018-01-02 16:38:10,177 [main] INFO  org.mule.construct.FlowConstructLifecycleManager - Starting flow: get:/book:raml1-config
2018-01-02 16:38:10,177 [main] INFO  org.mule.processor.SedaStageLifecycleManager - Starting service: get:/book:raml1-config.stage1
2018-01-02 16:38:10,253 [main] INFO  org.mule.module.management.agent.WrapperManagerAgent - This JVM hasn't been launched by the wrapper, the agent will not run.
2018-01-02 16:38:10,290 [main] INFO  org.mule.DefaultMuleContext - 
**********************************************************************
* Application: apdev-flights-ws                                      *
* OS encoding: \, Mule encoding: UTF-8                               *
*                                                                    *
* Agents Running:                                                    *
*   JMX Agent                                                        *
*   DevKit Extension Information                                     *
*   Batch module default engine                                      *
*   Wrapper Manager                                                  *
**********************************************************************
